{"D:\\workspace\\cs-channel\\src\\channel.ts": {"path":"D:\\workspace\\cs-channel\\src\\channel.ts","statementMap":{"0":{"start":{"line":1,"column":0},"end":{"line":1,"column":46}},"1":{"start":{"line":7,"column":2},"end":{"line":7,"column":34}},"2":{"start":{"line":8,"column":2},"end":{"line":11,"column":null}},"3":{"start":{"line":9,"column":30},"end":{"line":9,"column":37}},"4":{"start":{"line":10,"column":33},"end":{"line":10,"column":47}},"5":{"start":{"line":14,"column":4},"end":{"line":14,"column":17}},"6":{"start":{"line":15,"column":4},"end":{"line":15,"column":25}},"7":{"start":{"line":16,"column":4},"end":{"line":16,"column":22}},"8":{"start":{"line":20,"column":4},"end":{"line":21,"column":61}},"9":{"start":{"line":21,"column":6},"end":{"line":21,"column":61}},"10":{"start":{"line":22,"column":4},"end":{"line":22,"column":40}},"11":{"start":{"line":23,"column":4},"end":{"line":25,"column":null}},"12":{"start":{"line":24,"column":6},"end":{"line":24,"column":50}},"13":{"start":{"line":26,"column":4},"end":{"line":38,"column":7}},"14":{"start":{"line":27,"column":6},"end":{"line":37,"column":null}},"15":{"start":{"line":28,"column":8},"end":{"line":28,"column":46}},"16":{"start":{"line":29,"column":13},"end":{"line":37,"column":null}},"17":{"start":{"line":30,"column":8},"end":{"line":30,"column":44}},"18":{"start":{"line":32,"column":22},"end":{"line":32,"column":66}},"19":{"start":{"line":33,"column":8},"end":{"line":36,"column":11}},"20":{"start":{"line":42,"column":4},"end":{"line":42,"column":35}},"21":{"start":{"line":43,"column":4},"end":{"line":52,"column":7}},"22":{"start":{"line":44,"column":6},"end":{"line":51,"column":9}},"23":{"start":{"line":45,"column":8},"end":{"line":50,"column":null}},"24":{"start":{"line":46,"column":10},"end":{"line":46,"column":32}},"25":{"start":{"line":48,"column":10},"end":{"line":48,"column":56}},"26":{"start":{"line":49,"column":10},"end":{"line":49,"column":32}},"27":{"start":{"line":56,"column":20},"end":{"line":56,"column":54}},"28":{"start":{"line":57,"column":2},"end":{"line":57,"column":40}},"29":{"start":{"line":58,"column":2},"end":{"line":62,"column":5}},"30":{"start":{"line":66,"column":4},"end":{"line":79,"column":7}},"31":{"start":{"line":66,"column":57},"end":{"line":79,"column":6}},"32":{"start":{"line":67,"column":6},"end":{"line":78,"column":null}},"33":{"start":{"line":68,"column":21},"end":{"line":68,"column":49}},"34":{"start":{"line":69,"column":8},"end":{"line":72,"column":11}},"35":{"start":{"line":74,"column":8},"end":{"line":77,"column":11}},"36":{"start":{"line":83,"column":4},"end":{"line":83,"column":28}},"37":{"start":{"line":88,"column":24},"end":{"line":88,"column":102}},"38":{"start":{"line":88,"column":38},"end":{"line":88,"column":102}},"39":{"start":{"line":91,"column":0},"end":{"line":91,"column":23}}},"fnMap":{"0":{"name":"(anonymous_7)","decl":{"start":{"line":13,"column":2},"end":{"line":13,"column":14}},"loc":{"start":{"line":13,"column":43},"end":{"line":17,"column":3}}},"1":{"name":"(anonymous_8)","decl":{"start":{"line":9,"column":12},"end":{"line":9,"column":13}},"loc":{"start":{"line":9,"column":30},"end":{"line":9,"column":37}}},"2":{"name":"(anonymous_9)","decl":{"start":{"line":10,"column":14},"end":{"line":10,"column":15}},"loc":{"start":{"line":10,"column":33},"end":{"line":10,"column":47}}},"3":{"name":"(anonymous_10)","decl":{"start":{"line":19,"column":2},"end":{"line":19,"column":6}},"loc":{"start":{"line":19,"column":23},"end":{"line":39,"column":3}}},"4":{"name":"(anonymous_11)","decl":{"start":{"line":26,"column":20},"end":{"line":26,"column":27}},"loc":{"start":{"line":26,"column":30},"end":{"line":38,"column":5}}},"5":{"name":"(anonymous_12)","decl":{"start":{"line":41,"column":2},"end":{"line":41,"column":6}},"loc":{"start":{"line":41,"column":48},"end":{"line":53,"column":3}}},"6":{"name":"(anonymous_13)","decl":{"start":{"line":43,"column":23},"end":{"line":43,"column":24}},"loc":{"start":{"line":43,"column":43},"end":{"line":52,"column":5}}},"7":{"name":"(anonymous_14)","decl":{"start":{"line":44,"column":29},"end":{"line":44,"column":30}},"loc":{"start":{"line":44,"column":54},"end":{"line":51,"column":7}}},"8":{"name":"(anonymous_15)","decl":{"start":{"line":55,"column":1},"end":{"line":55,"column":7}},"loc":{"start":{"line":55,"column":59},"end":{"line":63,"column":2}}},"9":{"name":"(anonymous_16)","decl":{"start":{"line":65,"column":2},"end":{"line":65,"column":4}},"loc":{"start":{"line":65,"column":62},"end":{"line":80,"column":3}}},"10":{"name":"(anonymous_17)","decl":{"start":{"line":66,"column":26},"end":{"line":66,"column":33}},"loc":{"start":{"line":66,"column":57},"end":{"line":79,"column":6}}},"11":{"name":"(anonymous_18)","decl":{"start":{"line":66,"column":57},"end":{"line":66,"column":null}},"loc":{"start":{"line":66,"column":57},"end":{"line":79,"column":5}}},"12":{"name":"(anonymous_19)","decl":{"start":{"line":82,"column":2},"end":{"line":82,"column":5}},"loc":{"start":{"line":82,"column":17},"end":{"line":84,"column":3}}},"13":{"name":"(anonymous_20)","decl":{"start":{"line":88,"column":24},"end":{"line":88,"column":25}},"loc":{"start":{"line":88,"column":38},"end":{"line":88,"column":102}}}},"branchMap":{"0":{"loc":{"start":{"line":20,"column":4},"end":{"line":21,"column":61}},"type":"if","locations":[{"start":{"line":20,"column":4},"end":{"line":21,"column":61}},{"start":{"line":20,"column":4},"end":{"line":21,"column":61}}]},"1":{"loc":{"start":{"line":20,"column":8},"end":{"line":20,"column":22}},"type":"binary-expr","locations":[{"start":{"line":20,"column":8},"end":{"line":20,"column":22}},{"start":{"line":20,"column":26},"end":{"line":20,"column":42}}]},"2":{"loc":{"start":{"line":23,"column":4},"end":{"line":25,"column":null}},"type":"if","locations":[{"start":{"line":23,"column":4},"end":{"line":25,"column":null}},{"start":{"line":23,"column":4},"end":{"line":25,"column":null}}]},"3":{"loc":{"start":{"line":27,"column":6},"end":{"line":37,"column":null}},"type":"if","locations":[{"start":{"line":27,"column":6},"end":{"line":37,"column":null}},{"start":{"line":27,"column":6},"end":{"line":37,"column":null}}]},"4":{"loc":{"start":{"line":29,"column":13},"end":{"line":37,"column":null}},"type":"if","locations":[{"start":{"line":29,"column":13},"end":{"line":37,"column":null}},{"start":{"line":29,"column":13},"end":{"line":37,"column":null}}]},"5":{"loc":{"start":{"line":35,"column":39},"end":{"line":35,"column":61}},"type":"cond-expr","locations":[{"start":{"line":35,"column":39},"end":{"line":35,"column":61}},{"start":{"line":35,"column":64},"end":{"line":35,"column":69}}]},"6":{"loc":{"start":{"line":45,"column":8},"end":{"line":50,"column":null}},"type":"if","locations":[{"start":{"line":45,"column":8},"end":{"line":50,"column":null}},{"start":{"line":45,"column":8},"end":{"line":50,"column":null}}]},"7":{"loc":{"start":{"line":76,"column":39},"end":{"line":76,"column":57}},"type":"cond-expr","locations":[{"start":{"line":76,"column":39},"end":{"line":76,"column":57}},{"start":{"line":76,"column":60},"end":{"line":76,"column":61}}]}},"s":{"0":1,"1":12,"2":12,"3":0,"4":0,"5":12,"6":12,"7":12,"8":12,"9":0,"10":12,"11":12,"12":2,"13":12,"14":10,"15":5,"16":5,"17":4,"18":1,"19":1,"20":5,"21":5,"22":5,"23":5,"24":3,"25":2,"26":2,"27":5,"28":5,"29":5,"30":5,"31":4,"32":4,"33":4,"34":2,"35":2,"36":0,"37":1,"38":1,"39":1},"f":{"0":12,"1":0,"2":0,"3":12,"4":10,"5":5,"6":5,"7":5,"8":5,"9":5,"10":4,"11":4,"12":0,"13":1},"b":{"0":[0,12],"1":[12,12],"2":[2,10],"3":[5,5],"4":[4,1],"5":[0,1],"6":[3,2],"7":[1,1]}}
,"D:\\workspace\\cs-channel\\src\\event.ts": {"path":"D:\\workspace\\cs-channel\\src\\event.ts","statementMap":{"0":{"start":{"line":3,"column":13},"end":{"line":3,"column":34}},"1":{"start":{"line":7,"column":2},"end":{"line":7,"column":23}},"2":{"start":{"line":8,"column":2},"end":{"line":8,"column":33}},"3":{"start":{"line":9,"column":2},"end":{"line":9,"column":16}},"4":{"start":{"line":12,"column":20},"end":{"line":12,"column":42}},"5":{"start":{"line":13,"column":10},"end":{"line":13,"column":11}},"6":{"start":{"line":14,"column":2},"end":{"line":25,"column":null}},"7":{"start":{"line":15,"column":15},"end":{"line":15,"column":31}},"8":{"start":{"line":16,"column":3},"end":{"line":18,"column":null}},"9":{"start":{"line":17,"column":4},"end":{"line":17,"column":50}},"10":{"start":{"line":20,"column":3},"end":{"line":24,"column":6}},"11":{"start":{"line":26,"column":2},"end":{"line":26,"column":null}},"12":{"start":{"line":26,"column":50},"end":{"line":26,"column":78}},"13":{"start":{"line":27,"column":2},"end":{"line":27,"column":14}},"14":{"start":{"line":30,"column":2},"end":{"line":30,"column":73}},"15":{"start":{"line":33,"column":4},"end":{"line":33,"column":null}},"16":{"start":{"line":33,"column":32},"end":{"line":33,"column":71}},"17":{"start":{"line":34,"column":4},"end":{"line":34,"column":24}},"18":{"start":{"line":35,"column":4},"end":{"line":35,"column":36}},"19":{"start":{"line":36,"column":4},"end":{"line":36,"column":23}},"20":{"start":{"line":39,"column":10},"end":{"line":39,"column":11}},"21":{"start":{"line":40,"column":14},"end":{"line":40,"column":36}},"22":{"start":{"line":41,"column":2},"end":{"line":41,"column":null}},"23":{"start":{"line":41,"column":30},"end":{"line":41,"column":70}},"24":{"start":{"line":43,"column":18},"end":{"line":43,"column":97}},"25":{"start":{"line":44,"column":2},"end":{"line":48,"column":null}},"26":{"start":{"line":45,"column":3},"end":{"line":45,"column":42}},"27":{"start":{"line":47,"column":3},"end":{"line":47,"column":40}},"28":{"start":{"line":49,"column":4},"end":{"line":49,"column":39}},"29":{"start":{"line":50,"column":2},"end":{"line":56,"column":null}},"30":{"start":{"line":51,"column":3},"end":{"line":55,"column":null}},"31":{"start":{"line":52,"column":4},"end":{"line":52,"column":89}},"32":{"start":{"line":53,"column":4},"end":{"line":53,"column":33}},"33":{"start":{"line":54,"column":4},"end":{"line":54,"column":10}},"34":{"start":{"line":57,"column":2},"end":{"line":57,"column":14}},"35":{"start":{"line":60,"column":2},"end":{"line":67,"column":null}},"36":{"start":{"line":61,"column":21},"end":{"line":61,"column":43}},"37":{"start":{"line":62,"column":3},"end":{"line":66,"column":null}},"38":{"start":{"line":62,"column":16},"end":{"line":62,"column":17}},"39":{"start":{"line":63,"column":4},"end":{"line":65,"column":null}},"40":{"start":{"line":64,"column":5},"end":{"line":64,"column":33}},"41":{"start":{"line":67,"column":11},"end":{"line":67,"column":41}},"42":{"start":{"line":68,"column":2},"end":{"line":68,"column":14}},"43":{"start":{"line":71,"column":2},"end":{"line":77,"column":5}},"44":{"start":{"line":73,"column":13},"end":{"line":73,"column":35}},"45":{"start":{"line":74,"column":13},"end":{"line":74,"column":44}},"46":{"start":{"line":76,"column":3},"end":{"line":76,"column":25}},"47":{"start":{"line":80,"column":4},"end":{"line":80,"column":21}},"48":{"start":{"line":81,"column":4},"end":{"line":81,"column":25}},"49":{"start":{"line":86,"column":0},"end":{"line":86,"column":21}}},"fnMap":{"0":{"name":"(anonymous_0)","decl":{"start":{"line":5,"column":0},"end":{"line":5,"column":6}},"loc":{"start":{"line":5,"column":0},"end":{"line":84,"column":1}}},"1":{"name":"(anonymous_1)","decl":{"start":{"line":11,"column":1},"end":{"line":11,"column":7}},"loc":{"start":{"line":11,"column":41},"end":{"line":28,"column":2}}},"2":{"name":"(anonymous_2)","decl":{"start":{"line":29,"column":1},"end":{"line":29,"column":4}},"loc":{"start":{"line":29,"column":22},"end":{"line":31,"column":2}}},"3":{"name":"(anonymous_3)","decl":{"start":{"line":32,"column":1},"end":{"line":32,"column":11}},"loc":{"start":{"line":32,"column":57},"end":{"line":37,"column":2}}},"4":{"name":"(anonymous_4)","decl":{"start":{"line":38,"column":1},"end":{"line":38,"column":10}},"loc":{"start":{"line":38,"column":61},"end":{"line":58,"column":2}}},"5":{"name":"(anonymous_5)","decl":{"start":{"line":59,"column":1},"end":{"line":59,"column":12}},"loc":{"start":{"line":59,"column":51},"end":{"line":69,"column":2}}},"6":{"name":"(anonymous_6)","decl":{"start":{"line":70,"column":1},"end":{"line":70,"column":5}},"loc":{"start":{"line":70,"column":5},"end":{"line":78,"column":3}}},"7":{"name":"(anonymous_7)","decl":{"start":{"line":71,"column":65},"end":{"line":71,"column":66}},"loc":{"start":{"line":71,"column":71},"end":{"line":77,"column":3}}},"8":{"name":"(anonymous_8)","decl":{"start":{"line":79,"column":2},"end":{"line":79,"column":7}},"loc":{"start":{"line":79,"column":7},"end":{"line":82,"column":3}}}},"branchMap":{"0":{"loc":{"start":{"line":14,"column":2},"end":{"line":25,"column":null}},"type":"if","locations":[{"start":{"line":14,"column":2},"end":{"line":25,"column":null}},{"start":{"line":14,"column":2},"end":{"line":25,"column":null}}]},"1":{"loc":{"start":{"line":17,"column":23},"end":{"line":17,"column":34}},"type":"binary-expr","locations":[{"start":{"line":17,"column":23},"end":{"line":17,"column":34}},{"start":{"line":17,"column":38},"end":{"line":17,"column":42}}]},"2":{"loc":{"start":{"line":26,"column":2},"end":{"line":26,"column":null}},"type":"if","locations":[{"start":{"line":26,"column":2},"end":{"line":26,"column":null}},{"start":{"line":26,"column":2},"end":{"line":26,"column":null}}]},"3":{"loc":{"start":{"line":30,"column":12},"end":{"line":30,"column":34}},"type":"binary-expr","locations":[{"start":{"line":30,"column":12},"end":{"line":30,"column":34}},{"start":{"line":30,"column":38},"end":{"line":30,"column":71}}]},"4":{"loc":{"start":{"line":33,"column":4},"end":{"line":33,"column":null}},"type":"if","locations":[{"start":{"line":33,"column":4},"end":{"line":33,"column":null}},{"start":{"line":33,"column":4},"end":{"line":33,"column":null}}]},"5":{"loc":{"start":{"line":41,"column":2},"end":{"line":41,"column":null}},"type":"if","locations":[{"start":{"line":41,"column":2},"end":{"line":41,"column":null}},{"start":{"line":41,"column":2},"end":{"line":41,"column":null}}]},"6":{"loc":{"start":{"line":43,"column":43},"end":{"line":43,"column":65}},"type":"cond-expr","locations":[{"start":{"line":43,"column":43},"end":{"line":43,"column":65}},{"start":{"line":43,"column":69},"end":{"line":43,"column":96}}]},"7":{"loc":{"start":{"line":44,"column":2},"end":{"line":48,"column":null}},"type":"if","locations":[{"start":{"line":44,"column":2},"end":{"line":48,"column":null}},{"start":{"line":44,"column":2},"end":{"line":48,"column":null}}]},"8":{"loc":{"start":{"line":51,"column":3},"end":{"line":55,"column":null}},"type":"if","locations":[{"start":{"line":51,"column":3},"end":{"line":55,"column":null}},{"start":{"line":51,"column":3},"end":{"line":55,"column":null}}]},"9":{"loc":{"start":{"line":60,"column":2},"end":{"line":67,"column":null}},"type":"if","locations":[{"start":{"line":60,"column":2},"end":{"line":67,"column":null}},{"start":{"line":60,"column":2},"end":{"line":67,"column":null}}]},"10":{"loc":{"start":{"line":63,"column":4},"end":{"line":65,"column":null}},"type":"if","locations":[{"start":{"line":63,"column":4},"end":{"line":65,"column":null}},{"start":{"line":63,"column":4},"end":{"line":65,"column":null}}]},"11":{"loc":{"start":{"line":74,"column":25},"end":{"line":74,"column":26}},"type":"cond-expr","locations":[{"start":{"line":74,"column":25},"end":{"line":74,"column":26}},{"start":{"line":74,"column":30},"end":{"line":74,"column":43}}]}},"s":{"0":2,"1":13,"2":13,"3":13,"4":15,"5":15,"6":15,"7":14,"8":14,"9":15,"10":1,"11":15,"12":6,"13":15,"14":24,"15":1,"16":0,"17":1,"18":1,"19":1,"20":18,"21":18,"22":18,"23":0,"24":18,"25":18,"26":2,"27":16,"28":18,"29":18,"30":1,"31":1,"32":1,"33":1,"34":18,"35":8,"36":1,"37":1,"38":1,"39":1,"40":1,"41":7,"42":8,"43":6,"44":186,"45":186,"46":186,"47":9,"48":9,"49":2},"f":{"0":13,"1":15,"2":24,"3":1,"4":18,"5":8,"6":6,"7":186,"8":9},"b":{"0":[14,1],"1":[15,14],"2":[6,9],"3":[24,16],"4":[0,1],"5":[0,18],"6":[0,18],"7":[2,16],"8":[1,0],"9":[1,7],"10":[1,0],"11":[180,6]}}
,"D:\\workspace\\cs-channel\\src\\__test__\\util.ts": {"path":"D:\\workspace\\cs-channel\\src\\__test__\\util.ts","statementMap":{"0":{"start":{"line":1,"column":13},"end":{"line":24,"column":2}},"1":{"start":{"line":6,"column":6},"end":{"line":6,"column":37}},"2":{"start":{"line":7,"column":6},"end":{"line":7,"column":37}},"3":{"start":{"line":10,"column":6},"end":{"line":10,"column":31}},"4":{"start":{"line":17,"column":6},"end":{"line":17,"column":37}},"5":{"start":{"line":18,"column":6},"end":{"line":18,"column":37}},"6":{"start":{"line":21,"column":6},"end":{"line":21,"column":31}}},"fnMap":{"0":{"name":"(anonymous_0)","decl":{"start":{"line":5,"column":4},"end":{"line":5,"column":15}},"loc":{"start":{"line":5,"column":23},"end":{"line":8,"column":5}}},"1":{"name":"(anonymous_1)","decl":{"start":{"line":9,"column":4},"end":{"line":9,"column":13}},"loc":{"start":{"line":9,"column":22},"end":{"line":11,"column":5}}},"2":{"name":"(anonymous_2)","decl":{"start":{"line":16,"column":4},"end":{"line":16,"column":15}},"loc":{"start":{"line":16,"column":23},"end":{"line":19,"column":5}}},"3":{"name":"(anonymous_3)","decl":{"start":{"line":20,"column":4},"end":{"line":20,"column":13}},"loc":{"start":{"line":20,"column":22},"end":{"line":22,"column":5}}}},"branchMap":{},"s":{"0":1,"1":5,"2":5,"3":6,"4":5,"5":5,"6":6},"f":{"0":5,"1":6,"2":5,"3":6},"b":{}}
}
