TN:
SF:D:\workspace\cs-channel\src\channel.ts
FN:13,(anonymous_7)
FN:9,(anonymous_8)
FN:10,(anonymous_9)
FN:19,(anonymous_10)
FN:26,(anonymous_11)
FN:41,(anonymous_12)
FN:43,(anonymous_13)
FN:44,(anonymous_14)
FN:55,(anonymous_15)
FN:65,(anonymous_16)
FN:66,(anonymous_17)
FN:66,(anonymous_18)
FN:82,(anonymous_19)
FN:88,(anonymous_20)
FNF:14
FNH:11
FNDA:12,(anonymous_7)
FNDA:0,(anonymous_8)
FNDA:0,(anonymous_9)
FNDA:12,(anonymous_10)
FNDA:10,(anonymous_11)
FNDA:5,(anonymous_12)
FNDA:5,(anonymous_13)
FNDA:5,(anonymous_14)
FNDA:5,(anonymous_15)
FNDA:5,(anonymous_16)
FNDA:4,(anonymous_17)
FNDA:4,(anonymous_18)
FNDA:0,(anonymous_19)
FNDA:1,(anonymous_20)
DA:1,1
DA:7,12
DA:8,12
DA:9,0
DA:10,0
DA:14,12
DA:15,12
DA:16,12
DA:20,12
DA:21,0
DA:22,12
DA:23,12
DA:24,2
DA:26,12
DA:27,10
DA:28,5
DA:29,5
DA:30,4
DA:32,1
DA:33,1
DA:42,5
DA:43,5
DA:44,5
DA:45,5
DA:46,3
DA:48,2
DA:49,2
DA:56,5
DA:57,5
DA:58,5
DA:66,5
DA:67,4
DA:68,4
DA:69,2
DA:74,2
DA:83,0
DA:88,1
DA:91,1
LF:38
LH:34
BRDA:20,0,0,0
BRDA:20,0,1,12
BRDA:20,1,0,12
BRDA:20,1,1,12
BRDA:23,2,0,2
BRDA:23,2,1,10
BRDA:27,3,0,5
BRDA:27,3,1,5
BRDA:29,4,0,4
BRDA:29,4,1,1
BRDA:35,5,0,0
BRDA:35,5,1,1
BRDA:45,6,0,3
BRDA:45,6,1,2
BRDA:76,7,0,1
BRDA:76,7,1,1
BRF:16
BRH:14
end_of_record
TN:
SF:D:\workspace\cs-channel\src\event.ts
FN:5,(anonymous_0)
FN:11,(anonymous_1)
FN:29,(anonymous_2)
FN:32,(anonymous_3)
FN:38,(anonymous_4)
FN:59,(anonymous_5)
FN:70,(anonymous_6)
FN:71,(anonymous_7)
FN:79,(anonymous_8)
FNF:9
FNH:9
FNDA:13,(anonymous_0)
FNDA:15,(anonymous_1)
FNDA:24,(anonymous_2)
FNDA:1,(anonymous_3)
FNDA:18,(anonymous_4)
FNDA:8,(anonymous_5)
FNDA:6,(anonymous_6)
FNDA:186,(anonymous_7)
FNDA:9,(anonymous_8)
DA:3,2
DA:7,13
DA:8,13
DA:9,13
DA:12,15
DA:13,15
DA:14,15
DA:15,14
DA:16,14
DA:17,15
DA:20,1
DA:26,15
DA:27,15
DA:30,24
DA:33,1
DA:34,1
DA:35,1
DA:36,1
DA:39,18
DA:40,18
DA:41,18
DA:43,18
DA:44,18
DA:45,2
DA:47,16
DA:49,18
DA:50,18
DA:51,1
DA:52,1
DA:53,1
DA:54,1
DA:57,18
DA:60,8
DA:61,1
DA:62,1
DA:63,1
DA:64,1
DA:67,7
DA:68,8
DA:71,6
DA:73,186
DA:74,186
DA:76,186
DA:80,9
DA:81,9
DA:86,2
LF:46
LH:46
BRDA:14,0,0,14
BRDA:14,0,1,1
BRDA:17,1,0,15
BRDA:17,1,1,14
BRDA:26,2,0,6
BRDA:26,2,1,9
BRDA:30,3,0,24
BRDA:30,3,1,16
BRDA:33,4,0,0
BRDA:33,4,1,1
BRDA:41,5,0,0
BRDA:41,5,1,18
BRDA:43,6,0,0
BRDA:43,6,1,18
BRDA:44,7,0,2
BRDA:44,7,1,16
BRDA:51,8,0,1
BRDA:51,8,1,0
BRDA:60,9,0,1
BRDA:60,9,1,7
BRDA:63,10,0,1
BRDA:63,10,1,0
BRDA:74,11,0,180
BRDA:74,11,1,6
BRF:24
BRH:19
end_of_record
TN:
SF:D:\workspace\cs-channel\src\__test__\util.ts
FN:5,(anonymous_0)
FN:9,(anonymous_1)
FN:16,(anonymous_2)
FN:20,(anonymous_3)
FNF:4
FNH:4
FNDA:5,(anonymous_0)
FNDA:6,(anonymous_1)
FNDA:5,(anonymous_2)
FNDA:6,(anonymous_3)
DA:1,1
DA:6,5
DA:7,5
DA:10,6
DA:17,5
DA:18,5
DA:21,6
LF:7
LH:7
BRF:0
BRH:0
end_of_record
